2021/01/22 03:55:16.703 [C] [panic.go:679] D:/Go/sdk/go1.13.5/src/reflect/value.go:321
2021/01/22 03:55:16.707 [C] [panic.go:679] D:/Go/awesomeProject/src/github.com/astaxie/beego/router.go:847
2021/01/22 03:55:16.707 [C] [panic.go:679] D:/Go/sdk/go1.13.5/src/net/http/server.go:2802
2021/01/22 03:55:16.707 [C] [panic.go:679] D:/Go/sdk/go1.13.5/src/net/http/server.go:1890
2021/01/22 03:55:16.707 [C] [panic.go:679] D:/Go/sdk/go1.13.5/src/runtime/asm_amd64.s:1357
2021/01/22 03:55:29.174 [I] [asm_amd64.s:1357] http server Running on http://:8080
2021/01/22 03:55:36.113 [I] [asm_amd64.s:1357] http server Running on http://:8080
2021/01/22 04:03:40.332 [I] [asm_amd64.s:1357] http server Running on http://:8080
2021/01/22 04:03:44.490 [C] [panic.go:679] the request url is  /v1/cart/
2021/01/22 04:03:44.492 [C] [panic.go:679] Handler crashed with error runtime error: slice bounds out of range [-1:]
2021/01/22 04:03:44.492 [C] [panic.go:679] D:/Go/sdk/go1.13.5/src/runtime/panic.go:679
2021/01/22 04:03:44.492 [C] [panic.go:679] D:/Go/sdk/go1.13.5/src/runtime/panic.go:103
2021/01/22 04:03:44.492 [C] [panic.go:679] D:/Go/awesomeProject/src/zdshop/controllers/cart.go:137
2021/01/22 04:03:44.493 [C] [panic.go:679] D:/Go/sdk/go1.13.5/src/reflect/value.go:460
2021/01/22 04:03:44.493 [C] [panic.go:679] D:/Go/sdk/go1.13.5/src/reflect/value.go:321
2021/01/22 04:03:44.493 [C] [panic.go:679] D:/Go/awesomeProject/src/github.com/astaxie/beego/router.go:847
2021/01/22 04:03:44.493 [C] [panic.go:679] D:/Go/sdk/go1.13.5/src/net/http/server.go:2802
2021/01/22 04:03:44.494 [C] [panic.go:679] D:/Go/sdk/go1.13.5/src/net/http/server.go:1890
2021/01/22 04:03:44.494 [C] [panic.go:679] D:/Go/sdk/go1.13.5/src/runtime/asm_amd64.s:1357
2021/01/22 04:04:22.462 [I] [asm_amd64.s:1357] http server Running on http://:8080
2021/01/22 04:04:24.829 [D] [server.go:2802] 127.0.0.1 - - [22/Jan/2021 04:04:24] "GET /v1/cart/ HTTP/1.1 200 0" 0.004019  PostmanRuntime/7.26.8

2021/01/22 04:04:34.258 [D] [server.go:2802] 127.0.0.1 - - [22/Jan/2021 04:04:34] "GET /v1/cart/ HTTP/1.1 200 0" 0.002038  PostmanRuntime/7.26.8

2021/01/22 04:04:37.859 [D] [server.go:2802] 127.0.0.1 - - [22/Jan/2021 04:04:37] "GET /v1/cart/ HTTP/1.1 200 0" 0.001995  PostmanRuntime/7.26.8

2021/01/22 04:04:38.922 [D] [server.go:2802] 127.0.0.1 - - [22/Jan/2021 04:04:38] "GET /v1/cart/ HTTP/1.1 200 0" 0.001996  PostmanRuntime/7.26.8

2021/01/22 04:04:39.570 [D] [server.go:2802] 127.0.0.1 - - [22/Jan/2021 04:04:39] "GET /v1/cart/ HTTP/1.1 200 0" 0.002003  PostmanRuntime/7.26.8

2021/01/22 04:04:40.138 [D] [server.go:2802] 127.0.0.1 - - [22/Jan/2021 04:04:40] "GET /v1/cart/ HTTP/1.1 200 0" 0.001995  PostmanRuntime/7.26.8

2021/01/22 04:04:41.755 [D] [server.go:2802] 127.0.0.1 - - [22/Jan/2021 04:04:41] "GET /v1/cart/ HTTP/1.1 200 0" 0.002992  PostmanRuntime/7.26.8

2021/01/22 04:04:42.328 [D] [server.go:2802] 127.0.0.1 - - [22/Jan/2021 04:04:42] "GET /v1/cart/ HTTP/1.1 200 0" 0.001994  PostmanRuntime/7.26.8

2021/01/22 04:04:42.847 [D] [server.go:2802] 127.0.0.1 - - [22/Jan/2021 04:04:42] "GET /v1/cart/ HTTP/1.1 200 0" 0.003031  PostmanRuntime/7.26.8

2021/01/22 04:07:15.096 [I] [asm_amd64.s:1357] http server Running on http://:8080
2021/01/22 04:07:19.447 [D] [server.go:2802] 127.0.0.1 - - [22/Jan/2021 04:07:19] "GET /v1/cart/ HTTP/1.1 200 0" 0.002991  PostmanRuntime/7.26.8

2021/01/22 04:07:22.963 [D] [server.go:2802] 127.0.0.1 - - [22/Jan/2021 04:07:22] "GET /v1/cart/ HTTP/1.1 200 0" 0.003987  PostmanRuntime/7.26.8

2021/01/22 04:07:24.081 [D] [server.go:2802] 127.0.0.1 - - [22/Jan/2021 04:07:24] "GET /v1/cart/ HTTP/1.1 200 0" 0.001995  PostmanRuntime/7.26.8

2021/01/22 04:07:24.766 [D] [server.go:2802] 127.0.0.1 - - [22/Jan/2021 04:07:24] "GET /v1/cart/ HTTP/1.1 200 0" 0.002992  PostmanRuntime/7.26.8

2021/01/22 04:07:25.347 [D] [server.go:2802] 127.0.0.1 - - [22/Jan/2021 04:07:25] "GET /v1/cart/ HTTP/1.1 200 0" 0.004019  PostmanRuntime/7.26.8

2021/01/22 04:08:02.678 [I] [asm_amd64.s:1357] http server Running on http://:8080
2021/01/22 04:08:41.930 [I] [cart.go:136] 0 
2021/01/22 04:08:41.931 [I] [cart.go:136] 1 
2021/01/22 04:08:41.932 [D] [server.go:2802] 127.0.0.1 - - [22/Jan/2021 04:08:41] "GET /v1/cart/ HTTP/1.1 200 0" 0.002993  PostmanRuntime/7.26.8

2021/01/22 04:09:29.501 [I] [asm_amd64.s:1357] http server Running on http://:8080
2021/01/22 04:09:58.022 [I] [asm_amd64.s:1357] http server Running on http://:8080
2021/01/22 04:10:15.660 [I] [asm_amd64.s:1357] http server Running on http://:8080
2021/01/22 04:10:17.770 [I] [cart.go:136] 0 
2021/01/22 04:10:17.770 [I] [cart.go:137] [] 
2021/01/22 04:10:17.771 [I] [cart.go:136] 1 
2021/01/22 04:10:17.771 [I] [cart.go:137] [] 
2021/01/22 04:10:17.773 [D] [server.go:2802] 127.0.0.1 - - [22/Jan/2021 04:10:17] "GET /v1/cart/ HTTP/1.1 200 0" 0.005984  PostmanRuntime/7.26.8

2021/01/22 04:10:49.680 [I] [asm_amd64.s:1357] http server Running on http://:8080
2021/01/22 04:11:05.106 [I] [asm_amd64.s:1357] http server Running on http://:8080
2021/01/22 04:11:07.125 [I] [cart.go:136] 0 
2021/01/22 04:11:07.125 [I] [cart.go:138] {{6 0xc0002441a0 限量版 顶配版 双拼色  0 250000 0 0 0 []} 5} 
2021/01/22 04:11:07.127 [I] [cart.go:136] 1 
2021/01/22 04:11:07.127 [I] [cart.go:138] {{15 0xc000244680 尊贵版  0 190000 0 0 0 []} 9} 
2021/01/22 04:11:07.128 [D] [server.go:2802] 127.0.0.1 - - [22/Jan/2021 04:11:07] "GET /v1/cart/ HTTP/1.1 200 0" 0.004981  PostmanRuntime/7.26.8

2021/01/22 04:12:59.723 [I] [asm_amd64.s:1357] http server Running on http://:8080
2021/01/22 04:13:03.240 [I] [cart.go:136] 0 
2021/01/22 04:13:03.241 [C] [panic.go:679] the request url is  /v1/cart/
2021/01/22 04:13:03.241 [C] [panic.go:679] Handler crashed with error runtime error: slice bounds out of range [-1:]
2021/01/22 04:13:03.242 [C] [panic.go:679] D:/Go/sdk/go1.13.5/src/runtime/panic.go:679
2021/01/22 04:13:03.242 [C] [panic.go:679] D:/Go/sdk/go1.13.5/src/runtime/panic.go:103
2021/01/22 04:13:03.242 [C] [panic.go:679] D:/Go/awesomeProject/src/zdshop/controllers/cart.go:137
2021/01/22 04:13:03.242 [C] [panic.go:679] D:/Go/sdk/go1.13.5/src/reflect/value.go:460
2021/01/22 04:13:03.243 [C] [panic.go:679] D:/Go/sdk/go1.13.5/src/reflect/value.go:321
2021/01/22 04:13:03.243 [C] [panic.go:679] D:/Go/awesomeProject/src/github.com/astaxie/beego/router.go:847
2021/01/22 04:13:03.243 [C] [panic.go:679] D:/Go/sdk/go1.13.5/src/net/http/server.go:2802
2021/01/22 04:13:03.243 [C] [panic.go:679] D:/Go/sdk/go1.13.5/src/net/http/server.go:1890
2021/01/22 04:13:03.244 [C] [panic.go:679] D:/Go/sdk/go1.13.5/src/runtime/asm_amd64.s:1357
2021/01/22 04:14:00.311 [I] [asm_amd64.s:1357] http server Running on http://:8080
2021/01/22 04:14:04.612 [I] [cart.go:136] 0 
2021/01/22 04:14:04.612 [I] [cart.go:142] {{6 0xc0001a3ba0 限量版 顶配版 双拼色  0 250000 0 0 0 []} 5} 
2021/01/22 04:14:04.614 [I] [cart.go:136] 1 
2021/01/22 04:14:04.614 [I] [cart.go:142] {{15 0xc00023e0d0 尊贵版  0 190000 0 0 0 []} 9} 
2021/01/22 04:14:04.615 [D] [server.go:2802] 127.0.0.1 - - [22/Jan/2021 04:14:04] "GET /v1/cart/ HTTP/1.1 200 0" 0.005031  PostmanRuntime/7.26.8

2021/01/22 04:15:33.119 [I] [asm_amd64.s:1357] http server Running on http://:8080
2021/01/22 04:15:36.075 [I] [cart.go:136] 0 
2021/01/22 04:15:36.075 [I] [cart.go:143] {{6 0xc0000e31e0 限量版 顶配版 双拼色  0 250000 0 0 0 []} 5} 
2021/01/22 04:15:36.076 [I] [cart.go:136] 1 
2021/01/22 04:15:36.076 [I] [cart.go:140] {{6 0xc0000e31e0 限量版 顶配版 双拼色  0 250000 0 0 0 []} 5} 
2021/01/22 04:15:36.076 [I] [cart.go:143] {{15 0xc0000e36c0 尊贵版  0 190000 0 0 0 []} 9} 
2021/01/22 04:15:36.078 [D] [server.go:2802] 127.0.0.1 - - [22/Jan/2021 04:15:36] "GET /v1/cart/ HTTP/1.1 200 0" 0.004987  PostmanRuntime/7.26.8

2021/01/22 04:24:03.755 [I] [asm_amd64.s:1357] http server Running on http://:8080
