2020/12/12 19:06:30.866 [I] [asm_amd64.s:1357] http server Running on http://:8080
2020/12/12 19:06:46.055 [I] [goods.go:427] Tex 
2020/12/12 19:06:46.056 [I] [goods.go:435] [123 13 10 32 32 32 32 34 110 97 109 101 34 58 34 116 111 109 34 44 13 10 32 32 32 32 34 97 114 114 34 58 32 91 13 10 32 32 32 32 32 32 32 32 123 13 10 32 32 32 32 32 32 32 32 32 32 32 32 34 97 34 58 34 49 34 44 13 10 32 32 32 32 32 32 32 32 32 32 32 32 34 98 34 58 50 13 10 32 32 32 32 32 32 32 32 125 44 13 10 32 32 32 32 32 32 32 32 123 13 10 32 32 32 32 32 32 32 32 32 32 32 32 34 97 34 58 34 50 34 44 13 10 32 32 32 32 32 32 32 32 32 32 32 32 34 98 34 58 50 13 10 32 32 32 32 32 32 32 32 125 13 10 32 32 32 32 93 13 10 125] 
2020/12/12 19:06:46.058 [D] [server.go:2802] 127.0.0.1 - - [12/Dec/2020 07:06:46] "POST /v1/goods/tex HTTP/1.1 200 0" 0.003989  PostmanRuntime/7.26.8

2020/12/12 19:07:33.622 [I] [asm_amd64.s:1357] http server Running on http://:8080
2020/12/12 19:07:39.816 [I] [goods.go:427] Tex 
2020/12/12 19:07:39.816 [I] [goods.go:435] {tom [{ 0} { 0}]} 
2020/12/12 19:07:39.817 [D] [server.go:2802] 127.0.0.1 - - [12/Dec/2020 07:07:39] "POST /v1/goods/tex HTTP/1.1 200 0" 0.001995  PostmanRuntime/7.26.8

2020/12/12 19:12:28.507 [I] [goods.go:427] Tex 
2020/12/12 19:12:28.507 [I] [goods.go:435] {tom [{ 0} { 0}]} 
2020/12/12 19:12:28.508 [D] [server.go:2802] 127.0.0.1 - - [12/Dec/2020 07:12:28] "POST /v1/goods/tex HTTP/1.1 200 0" 0.000997  PostmanRuntime/7.26.8

2020/12/12 19:13:16.668 [I] [asm_amd64.s:1357] http server Running on http://:8080
2020/12/12 19:14:45.035 [I] [goods.go:427] Tex 
2020/12/12 19:14:45.035 [I] [goods.go:435] {tom [0xc000132980 0xc0001329a0]} 
2020/12/12 19:14:45.036 [D] [server.go:2802] 127.0.0.1 - - [12/Dec/2020 07:14:45] "POST /v1/goods/tex HTTP/1.1 200 0" 0.000997  PostmanRuntime/7.26.8

2020/12/12 19:15:09.988 [I] [goods.go:427] Tex 
2020/12/12 19:15:09.989 [I] [goods.go:435] {tom [0xc000132b40 0xc000132b60]} 
2020/12/12 19:15:09.989 [D] [server.go:2802] 127.0.0.1 - - [12/Dec/2020 07:15:09] "POST /v1/goods/tex HTTP/1.1 200 0" 0.000997  PostmanRuntime/7.26.8

2020/12/12 19:17:05.474 [I] [asm_amd64.s:1357] http server Running on http://:8080
2020/12/12 19:17:35.472 [I] [asm_amd64.s:1357] http server Running on http://:8080
2020/12/12 19:17:38.936 [I] [goods.go:427] Tex 
2020/12/12 19:17:38.936 [I] [goods.go:435] {tom [{ 0} { 0}]} 
2020/12/12 19:17:38.937 [D] [server.go:2802] 127.0.0.1 - - [12/Dec/2020 07:17:38] "POST /v1/goods/tex HTTP/1.1 200 0" 0.001002  PostmanRuntime/7.26.8

2020/12/12 19:17:54.418 [I] [asm_amd64.s:1357] http server Running on http://:8080
2020/12/12 19:18:06.844 [I] [goods.go:427] Tex 
2020/12/12 19:18:06.844 [I] [goods.go:432] json.Unmarshal err:  json: cannot unmarshal array into Go struct field JsonGood.Arr of type struct { name string; price int } 
2020/12/12 19:18:06.845 [D] [server.go:2802] 127.0.0.1 - - [12/Dec/2020 07:18:06] "POST /v1/goods/tex HTTP/1.1 200 0" 0.000998  PostmanRuntime/7.26.8

2020/12/12 19:18:26.833 [I] [goods.go:427] Tex 
2020/12/12 19:18:26.834 [I] [goods.go:432] json.Unmarshal err:  json: cannot unmarshal array into Go struct field JsonGood.Arr of type struct { name string; price int } 
2020/12/12 19:18:26.835 [D] [server.go:2802] 127.0.0.1 - - [12/Dec/2020 07:18:26] "POST /v1/goods/tex HTTP/1.1 200 0" 0.001995  PostmanRuntime/7.26.8

2020/12/12 19:19:06.248 [I] [asm_amd64.s:1357] http server Running on http://:8080
2020/12/12 19:19:17.938 [I] [asm_amd64.s:1357] http server Running on http://:8080
2020/12/12 19:19:22.776 [I] [goods.go:427] Tex 
2020/12/12 19:19:22.776 [I] [goods.go:432] json.Unmarshal err:  json: cannot unmarshal array into Go struct field JsonGood.Arr of type struct { Name1 string; Price int } 
2020/12/12 19:19:22.776 [D] [server.go:2802] 127.0.0.1 - - [12/Dec/2020 07:19:22] "POST /v1/goods/tex HTTP/1.1 200 0" 0.001995  PostmanRuntime/7.26.8

2020/12/12 19:20:02.807 [I] [asm_amd64.s:1357] http server Running on http://:8080
2020/12/12 19:20:09.299 [I] [goods.go:427] Tex 
2020/12/12 19:20:09.299 [I] [goods.go:435] {tom [{1 2}]} 
2020/12/12 19:20:09.300 [D] [server.go:2802] 127.0.0.1 - - [12/Dec/2020 07:20:09] "POST /v1/goods/tex HTTP/1.1 200 0" 0.001996  PostmanRuntime/7.26.8

2020/12/12 19:20:46.308 [I] [goods.go:427] Tex 
2020/12/12 19:20:46.309 [I] [goods.go:435] {tom [{1 2} {2 3}]} 
2020/12/12 19:20:46.309 [D] [server.go:2802] 127.0.0.1 - - [12/Dec/2020 07:20:46] "POST /v1/goods/tex HTTP/1.1 200 0" 0.000997  PostmanRuntime/7.26.8

2020/12/12 19:21:46.639 [I] [asm_amd64.s:1357] http server Running on http://:8080
2020/12/12 19:22:07.388 [I] [goods.go:427] Tex 
2020/12/12 19:22:07.389 [I] [goods.go:435] {tom [{1 2} {2 3}]} 
2020/12/12 19:22:07.389 [I] [goods.go:436] tom 
2020/12/12 19:22:07.389 [I] [goods.go:437] [{1 2} {2 3}] 
2020/12/12 19:22:07.390 [D] [server.go:2802] 127.0.0.1 - - [12/Dec/2020 07:22:07] "POST /v1/goods/tex HTTP/1.1 200 0" 0.001994  PostmanRuntime/7.26.8

2020/12/12 19:25:20.284 [I] [asm_amd64.s:1357] http server Running on http://:8080
2020/12/12 19:25:25.481 [I] [goods.go:428] Tex 
2020/12/12 19:25:25.481 [I] [goods.go:436] {tom [{1 2} {2 3}]} 
2020/12/12 19:25:25.482 [I] [goods.go:437] tom 
2020/12/12 19:25:25.482 [I] [goods.go:438] [{1 2} {2 3}] 
2020/12/12 19:25:25.482 [I] [goods.go:442] 0 int {1 2} struct { Name1 string; Price int } 
2020/12/12 19:25:25.483 [I] [goods.go:442] 1 int {2 3} struct { Name1 string; Price int } 
2020/12/12 19:25:25.483 [D] [server.go:2802] 127.0.0.1 - - [12/Dec/2020 07:25:25] "POST /v1/goods/tex HTTP/1.1 200 0" 0.001994  PostmanRuntime/7.26.8

2020/12/12 19:33:41.920 [I] [asm_amd64.s:1357] http server Running on http://:8080
2020/12/12 19:33:44.550 [I] [goods.go:427] Tex 
2020/12/12 19:33:44.551 [I] [goods.go:435] {tom [{1 2} {2 3}]} 
2020/12/12 19:33:44.552 [I] [goods.go:436] tom 
2020/12/12 19:33:44.552 [I] [goods.go:437] [{1 2} {2 3}] 
2020/12/12 19:33:44.552 [D] [server.go:2802] 127.0.0.1 - - [12/Dec/2020 07:33:44] "POST /v1/goods/tex HTTP/1.1 200 0" 0.001995  PostmanRuntime/7.26.8

2020/12/12 19:40:58.769 [I] [asm_amd64.s:1357] http server Running on http://:8080
2020/12/12 19:41:01.122 [I] [goods.go:428] Tex 
2020/12/12 19:41:01.122 [I] [goods.go:436] {tom [{1 2} {2 3}]} 
2020/12/12 19:41:01.123 [I] [goods.go:437] tom 
2020/12/12 19:41:01.123 [I] [goods.go:438] [{1 2} {2 3}] 
2020/12/12 19:41:01.124 [I] [goods.go:441] controllers.JsonPara 
2020/12/12 19:41:01.124 [I] [goods.go:441] controllers.JsonPara 
2020/12/12 19:41:01.124 [D] [server.go:2802] 127.0.0.1 - - [12/Dec/2020 07:41:01] "POST /v1/goods/tex HTTP/1.1 200 0" 0.002993  PostmanRuntime/7.26.8

2020/12/12 19:57:59.971 [I] [asm_amd64.s:1357] http server Running on http://:8080
2020/12/12 21:10:58.242 [I] [asm_amd64.s:1357] http server Running on http://:8080
2020/12/12 21:11:07.620 [I] [goods.go:437] Tex 
2020/12/12 21:11:07.621 [I] [goods.go:443] json.Unmarshal err:  unexpected end of JSON input 
2020/12/12 21:11:07.622 [D] [server.go:2802] 127.0.0.1 - - [12/Dec/2020 09:11:07] "POST /v1/goods/tex HTTP/1.1 200 0" 0.001993  PostmanRuntime/7.26.8

2020/12/12 21:12:48.754 [I] [asm_amd64.s:1357] http server Running on http://:8080
2020/12/12 21:12:51.986 [I] [goods.go:437] Tex 
2020/12/12 21:12:51.987 [I] [goods.go:440]  
2020/12/12 21:12:51.988 [I] [goods.go:444] json.Unmarshal err:  unexpected end of JSON input 
2020/12/12 21:12:51.988 [D] [server.go:2802] 127.0.0.1 - - [12/Dec/2020 09:12:51] "POST /v1/goods/tex HTTP/1.1 200 0" 0.001995  PostmanRuntime/7.26.8

2020/12/12 21:13:27.296 [I] [goods.go:437] Tex 
2020/12/12 21:13:27.296 [I] [goods.go:440]  
2020/12/12 21:13:27.297 [I] [goods.go:444] json.Unmarshal err:  unexpected end of JSON input 
2020/12/12 21:13:27.297 [D] [server.go:2802] 127.0.0.1 - - [12/Dec/2020 09:13:27] "POST /v1/goods/tex HTTP/1.1 200 0" 0.000998  PostmanRuntime/7.26.8

