2021/01/19 15:41:34.155 [I] [asm_amd64.s:1357] http server Running on http://:8080
2021/01/19 15:41:41.633 [I] [goods.go:60] 事务开启： <nil> 
2021/01/19 15:41:41.634 [I] [goods.go:126] json:  [
        {
            "parameter":"尊贵版",
            "truePrice":200000,
            "nowPrice":190000,
            "isDefault":1,
            "number":200
        },
        {
            "parameter":"限量版 顶配版 双拼色",
            "truePrice":300000,
            "nowPrice":250000,
            "isDefault":0,
            "number":100
        }   
] 
2021/01/19 15:41:41.635 [I] [goods.go:143] [{尊贵版 200000 190000 1 200} {限量版 顶配版 双拼色 300000 250000 0 100}] 
2021/01/19 15:41:41.639 [I] [goods.go:248] 商品添加成功 
2021/01/19 15:41:41.639 [D] [server.go:2802] 127.0.0.1 - - [19/Jan/2021 03:41:41] "POST /v1/goods HTTP/1.1 200 0" 0.010972  PostmanRuntime/7.26.8

2021/01/19 15:45:57.808 [I] [asm_amd64.s:1357] http server Running on http://:8080
2021/01/19 15:46:49.458 [I] [asm_amd64.s:1357] http server Running on http://:8080
2021/01/19 15:47:01.232 [I] [goods.go:63] 事务开启： <nil> 
2021/01/19 15:47:01.239 [I] [goods.go:129] json:  [
        {
            "parameter":"尊贵版",
            "truePrice":200000,
            "nowPrice":190000,
            "isDefault":1,
            "number":200
        },
        {
            "parameter":"限量版 顶配版 双拼色",
            "truePrice":300000,
            "nowPrice":250000,
            "isDefault":0,
            "number":100
        }   
] 
2021/01/19 15:47:01.240 [I] [goods.go:146] [{尊贵版 200000 190000 1 200} {限量版 顶配版 双拼色 300000 250000 0 100}] 
2021/01/19 15:47:01.255 [I] [goods.go:214] 存在轮播图 
2021/01/19 15:47:01.256 [I] [goods.go:239] 轮播图插入成功 
2021/01/19 15:47:01.258 [I] [goods.go:239] 轮播图插入成功 
2021/01/19 15:47:01.259 [I] [goods.go:252] 商品添加成功 
2021/01/19 15:47:01.260 [D] [server.go:2802] 127.0.0.1 - - [19/Jan/2021 03:47:01] "POST /v1/goods HTTP/1.1 200 0" 0.032914  PostmanRuntime/7.26.8

2021/01/20 15:01:25.704 [I] [asm_amd64.s:1357] http server Running on http://:8080
2021/01/20 15:01:31.138 [I] [goods.go:63] 事务开启： <nil> 
2021/01/20 15:01:31.140 [I] [goods.go:129] json:  [
        {
            "parameter":"尊贵版",
            "truePrice":200000,
            "nowPrice":190000,
            "isDefault":1,
            "number":200
        },
        {
            "parameter":"限量版 顶配版 双拼色",
            "truePrice":300000,
            "nowPrice":250000,
            "isDefault":0,
            "number":100
        }   
] 
2021/01/20 15:01:31.142 [I] [goods.go:146] [{尊贵版 200000 190000 1 200} {限量版 顶配版 双拼色 300000 250000 0 100}] 
2021/01/20 15:01:31.146 [I] [goods.go:214] 存在轮播图 
2021/01/20 15:01:31.147 [I] [goods.go:239] 轮播图插入成功 
2021/01/20 15:01:31.150 [I] [goods.go:239] 轮播图插入成功 
2021/01/20 15:01:31.151 [I] [goods.go:252] 商品添加成功 
2021/01/20 15:01:31.152 [D] [server.go:2802] 127.0.0.1 - - [20/Jan/2021 03:01:31] "POST /v1/goods HTTP/1.1 200 0" 0.018951  PostmanRuntime/7.26.8

2021/01/20 15:02:27.390 [I] [goods.go:63] 事务开启： <nil> 
2021/01/20 15:02:27.399 [I] [goods.go:129] json:  [
        {
            "parameter":"尊贵版",
            "truePrice":200000,
            "nowPrice":190000,
            "isDefault":1,
            "number":200
        },
        {
            "parameter":"限量版 顶配版 双拼色",
            "truePrice":300000,
            "nowPrice":250000,
            "isDefault":0,
            "number":100
        }   
] 
2021/01/20 15:02:27.401 [I] [goods.go:146] [{尊贵版 200000 190000 1 200} {限量版 顶配版 双拼色 300000 250000 0 100}] 
2021/01/20 15:02:27.406 [I] [goods.go:214] 存在轮播图 
2021/01/20 15:02:27.409 [I] [goods.go:239] 轮播图插入成功 
2021/01/20 15:02:27.414 [I] [goods.go:239] 轮播图插入成功 
2021/01/20 15:02:27.415 [I] [goods.go:252] 商品添加成功 
2021/01/20 15:02:27.416 [D] [server.go:2802] 127.0.0.1 - - [20/Jan/2021 03:02:27] "POST /v1/goods HTTP/1.1 200 0" 0.033423  PostmanRuntime/7.26.8

2021/01/20 15:02:31.223 [I] [goods.go:63] 事务开启： <nil> 
2021/01/20 15:02:31.224 [I] [goods.go:129] json:  [
        {
            "parameter":"尊贵版",
            "truePrice":200000,
            "nowPrice":190000,
            "isDefault":1,
            "number":200
        },
        {
            "parameter":"限量版 顶配版 双拼色",
            "truePrice":300000,
            "nowPrice":250000,
            "isDefault":0,
            "number":100
        }   
] 
2021/01/20 15:02:31.226 [I] [goods.go:146] [{尊贵版 200000 190000 1 200} {限量版 顶配版 双拼色 300000 250000 0 100}] 
2021/01/20 15:02:31.230 [I] [goods.go:214] 存在轮播图 
2021/01/20 15:02:31.232 [I] [goods.go:239] 轮播图插入成功 
2021/01/20 15:02:31.235 [I] [goods.go:239] 轮播图插入成功 
2021/01/20 15:02:31.236 [I] [goods.go:252] 商品添加成功 
2021/01/20 15:02:31.237 [D] [server.go:2802] 127.0.0.1 - - [20/Jan/2021 03:02:31] "POST /v1/goods HTTP/1.1 200 0" 0.021458  PostmanRuntime/7.26.8

